<?xml version="1.0" encoding="UTF-8"?>
<testsuites tests="9" failures="0" disabled="0" errors="0" time="0.569" timestamp="2022-02-08T13:25:31" name="AllTests">
  <testsuite name="CudamatTests" tests="9" failures="0" disabled="0" errors="0" time="0.569" timestamp="2022-02-08T13:25:31">
    <testcase name="enum_memType" status="run" result="completed" time="0" timestamp="2022-02-08T13:25:31" classname="CudamatTests" />
    <testcase name="denseParam_t" status="run" result="completed" time="0" timestamp="2022-02-08T13:25:31" classname="CudamatTests" />
    <testcase name="metadata_t" status="run" result="completed" time="0" timestamp="2022-02-08T13:25:31" classname="CudamatTests" />
    <testcase name="CudaMat_constructors" status="run" result="completed" time="0.563" timestamp="2022-02-08T13:25:31" classname="CudamatTests" />
    <testcase name="CudaMat_memory_management_voids" status="run" result="completed" time="0.006" timestamp="2022-02-08T13:25:32" classname="CudamatTests" />
    <testcase name="CudaMat_memory_management_deepcopy" status="run" result="completed" time="0" timestamp="2022-02-08T13:25:32" classname="CudamatTests" />
    <testcase name="CudaMat_dimensionality" status="run" result="completed" time="0" timestamp="2022-02-08T13:25:32" classname="CudamatTests" />
    <testcase name="CudaMat_accessors" status="run" result="completed" time="0" timestamp="2022-02-08T13:25:32" classname="CudamatTests" />
    <testcase name="CudaMat_operatoroverload" status="run" result="completed" time="0" timestamp="2022-02-08T13:25:32" classname="CudamatTests" />
  </testsuite>
</testsuites>
