<?xml version="1.0" encoding="UTF-8"?>
<testsuites tests="9" failures="0" disabled="0" errors="0" time="0.97" timestamp="2022-02-08T13:25:31" name="AllTests">
  <testsuite name="CudamatOperationsTests" tests="9" failures="0" disabled="0" errors="0" time="0.97" timestamp="2022-02-08T13:25:31">
    <testcase name="cudamat_operations_choleskyInvert" status="run" result="completed" time="0" timestamp="2022-02-08T13:25:31" classname="CudamatOperationsTests" />
    <testcase name="cudamat_operations_choleskyDecompose" status="run" result="completed" time="0.969" timestamp="2022-02-08T13:25:31" classname="CudamatOperationsTests" />
    <testcase name="cudamat_operations_triangleSolve" status="run" result="completed" time="0" timestamp="2022-02-08T13:25:32" classname="CudamatOperationsTests" />
    <testcase name="cudamat_operations_choleskySolve" status="run" result="completed" time="0" timestamp="2022-02-08T13:25:32" classname="CudamatOperationsTests" />
    <testcase name="cudamat_operations_multDiagonal" status="run" result="completed" time="0" timestamp="2022-02-08T13:25:32" classname="CudamatOperationsTests" />
    <testcase name="cudamat_operations_elementWiseDivide" status="run" result="completed" time="0" timestamp="2022-02-08T13:25:32" classname="CudamatOperationsTests" />
    <testcase name="cudamat_operations_getDiagonal" status="run" result="completed" time="0" timestamp="2022-02-08T13:25:32" classname="CudamatOperationsTests" />
    <testcase name="cudamat_operations_setConstant" status="run" result="completed" time="0" timestamp="2022-02-08T13:25:32" classname="CudamatOperationsTests" />
    <testcase name="cudamat_operations_trace" status="run" result="completed" time="0.001" timestamp="2022-02-08T13:25:32" classname="CudamatOperationsTests" />
  </testsuite>
</testsuites>
